[0.006s] Invoking command in '/home/alvaro/github.com/turtlesim-follow-path/build/follow_path': DEBUGINFOD_URLS=https://debuginfod.ubuntu.com PIXI_PROMPT=(turtlesim-follow-path) /home/alvaro/github.com/turtlesim-follow-path/.pixi/envs/default/bin/cmake /home/alvaro/github.com/turtlesim-follow-path/src/follow-path -G Ninja -DPython_EXECUTABLE=/home/alvaro/github.com/turtlesim-follow-path/.pixi/envs/default/bin/python -DPython3_EXECUTABLE=/home/alvaro/github.com/turtlesim-follow-path/.pixi/envs/default/bin/python -DAMENT_CMAKE_SYMLINK_INSTALL=1 -DCMAKE_INSTALL_PREFIX=/home/alvaro/github.com/turtlesim-follow-path/install/follow_path
[0.040s] -- The C compiler identification is GNU 12.3.0
[0.092s] -- The CXX compiler identification is GNU 12.3.0
[0.103s] -- Detecting C compiler ABI info
[0.139s] -- Detecting C compiler ABI info - done
[0.149s] -- Check for working C compiler: /home/alvaro/github.com/turtlesim-follow-path/.pixi/envs/default/bin/x86_64-conda-linux-gnu-cc - skipped
[0.149s] -- Detecting C compile features
[0.149s] -- Detecting C compile features - done
[0.156s] -- Detecting CXX compiler ABI info
[0.199s] -- Detecting CXX compiler ABI info - done
[0.209s] -- Check for working CXX compiler: /home/alvaro/github.com/turtlesim-follow-path/.pixi/envs/default/bin/x86_64-conda-linux-gnu-c++ - skipped
[0.210s] -- Detecting CXX compile features
[0.210s] -- Detecting CXX compile features - done
[0.213s] -- Found ament_cmake: 1.3.7 (/home/alvaro/github.com/turtlesim-follow-path/.pixi/envs/default/share/ament_cmake/cmake)
[0.281s] -- Found Python3: /home/alvaro/github.com/turtlesim-follow-path/.pixi/envs/default/bin/python (found version "3.11.8") found components: Interpreter 
[0.325s] -- Override CMake install command with custom implementation using symlinks instead of copying resources
[0.364s] -- Found rclcpp: 16.0.8 (/home/alvaro/github.com/turtlesim-follow-path/.pixi/envs/default/share/rclcpp/cmake)
[0.412s] -- Found rosidl_generator_c: 3.1.5 (/home/alvaro/github.com/turtlesim-follow-path/.pixi/envs/default/share/rosidl_generator_c/cmake)
[0.419s] -- Found rosidl_adapter: 3.1.5 (/home/alvaro/github.com/turtlesim-follow-path/.pixi/envs/default/share/rosidl_adapter/cmake)
[0.429s] -- Found rosidl_generator_cpp: 3.1.5 (/home/alvaro/github.com/turtlesim-follow-path/.pixi/envs/default/share/rosidl_generator_cpp/cmake)
[0.445s] -- Using all available rosidl_typesupport_c: rosidl_typesupport_fastrtps_c;rosidl_typesupport_introspection_c
[0.469s] -- Using all available rosidl_typesupport_cpp: rosidl_typesupport_fastrtps_cpp;rosidl_typesupport_introspection_cpp
[0.557s] -- Checking for module 'yaml-0.1'
[0.609s] --   Found yaml-0.1, version 0.2.5
[0.776s] -- Found rmw_implementation_cmake: 6.1.1 (/home/alvaro/github.com/turtlesim-follow-path/.pixi/envs/default/share/rmw_implementation_cmake/cmake)
[0.780s] -- Found rmw_fastrtps_cpp: 6.2.6 (/home/alvaro/github.com/turtlesim-follow-path/.pixi/envs/default/share/rmw_fastrtps_cpp/cmake)
[1.025s] -- Found OpenSSL: /home/alvaro/github.com/turtlesim-follow-path/.pixi/envs/default/lib/libcrypto.so (found version "3.3.0")  
[1.048s] -- Found FastRTPS: /home/alvaro/github.com/turtlesim-follow-path/.pixi/envs/default/include  
[1.089s] -- Using RMW implementation 'rmw_fastrtps_cpp' as default
[1.099s] -- Performing Test CMAKE_HAVE_LIBC_PTHREAD
[1.136s] -- Performing Test CMAKE_HAVE_LIBC_PTHREAD - Failed
[1.136s] -- Looking for pthread_create in pthreads
[1.161s] -- Looking for pthread_create in pthreads - not found
[1.161s] -- Looking for pthread_create in pthread
[1.195s] -- Looking for pthread_create in pthread - found
[1.196s] -- Found Threads: TRUE  
[1.320s] -- Found std_msgs: 4.2.3 (/home/alvaro/github.com/turtlesim-follow-path/.pixi/envs/default/share/std_msgs/cmake)
[1.356s] -- Found geometry_msgs: 4.2.3 (/home/alvaro/github.com/turtlesim-follow-path/.pixi/envs/default/share/geometry_msgs/cmake)
[1.401s] -- Found rosidl_default_generators: 1.2.0 (/home/alvaro/github.com/turtlesim-follow-path/.pixi/envs/default/share/rosidl_default_generators/cmake)
[1.689s] -- Found Python3: /home/alvaro/github.com/turtlesim-follow-path/.pixi/envs/default/include/python3.11 (found version "3.11.8") found components: Development NumPy Interpreter Development.Module Development.Embed 
[1.709s] -- Found Python3: /home/alvaro/github.com/turtlesim-follow-path/.pixi/envs/default/bin/python (found version "3.11.8") found components: Interpreter 
[1.879s] -- Found ament_cmake_ros: 0.10.0 (/home/alvaro/github.com/turtlesim-follow-path/.pixi/envs/default/share/ament_cmake_ros/cmake)
[2.119s] -- Using all available rosidl_typesupport_c: rosidl_typesupport_fastrtps_c;rosidl_typesupport_introspection_c
[2.211s] -- Using all available rosidl_typesupport_cpp: rosidl_typesupport_fastrtps_cpp;rosidl_typesupport_introspection_cpp
[2.213s] [33mCMake Warning (dev) at /home/alvaro/github.com/turtlesim-follow-path/.pixi/envs/default/share/rosidl_generator_py/cmake/rosidl_generator_py_generate_interfaces.cmake:20 (find_package):
[2.213s]   Policy CMP0148 is not set: The FindPythonInterp and FindPythonLibs modules
[2.213s]   are removed.  Run "cmake --help-policy CMP0148" for policy details.  Use
[2.213s]   the cmake_policy command to set the policy and suppress this warning.
[2.213s] 
[2.213s] Call Stack (most recent call first):
[2.213s]   /home/alvaro/github.com/turtlesim-follow-path/.pixi/envs/default/share/ament_cmake_core/cmake/core/ament_execute_extensions.cmake:48 (include)
[2.214s]   /home/alvaro/github.com/turtlesim-follow-path/.pixi/envs/default/share/rosidl_cmake/cmake/rosidl_generate_interfaces.cmake:286 (ament_execute_extensions)
[2.214s]   CMakeLists.txt:28 (rosidl_generate_interfaces)
[2.214s] This warning is for project developers.  Use -Wno-dev to suppress it.
[2.214s] [0m
[2.223s] -- Found PythonInterp: /home/alvaro/github.com/turtlesim-follow-path/.pixi/envs/default/bin/python3 (found suitable version "3.11.8", minimum required is "3.6") 
[2.226s] -- Found python_cmake_module: 0.10.0 (/home/alvaro/github.com/turtlesim-follow-path/.pixi/envs/default/share/python_cmake_module/cmake)
[2.226s] [33mCMake Warning (dev) at /home/alvaro/github.com/turtlesim-follow-path/.pixi/envs/default/share/python_cmake_module/cmake/Modules/FindPythonExtra.cmake:52 (find_package):
[2.226s]   Policy CMP0148 is not set: The FindPythonInterp and FindPythonLibs modules
[2.226s]   are removed.  Run "cmake --help-policy CMP0148" for policy details.  Use
[2.226s]   the cmake_policy command to set the policy and suppress this warning.
[2.226s] 
[2.226s] Call Stack (most recent call first):
[2.226s]   /home/alvaro/github.com/turtlesim-follow-path/.pixi/envs/default/share/rosidl_generator_py/cmake/rosidl_generator_py_generate_interfaces.cmake:23 (find_package)
[2.226s]   /home/alvaro/github.com/turtlesim-follow-path/.pixi/envs/default/share/ament_cmake_core/cmake/core/ament_execute_extensions.cmake:48 (include)
[2.226s]   /home/alvaro/github.com/turtlesim-follow-path/.pixi/envs/default/share/rosidl_cmake/cmake/rosidl_generate_interfaces.cmake:286 (ament_execute_extensions)
[2.226s]   CMakeLists.txt:28 (rosidl_generate_interfaces)
[2.226s] This warning is for project developers.  Use -Wno-dev to suppress it.
[2.226s] [0m
[2.236s] [33mCMake Warning (dev) at /home/alvaro/github.com/turtlesim-follow-path/.pixi/envs/default/share/python_cmake_module/cmake/Modules/FindPythonExtra.cmake:140 (find_package):
[2.236s]   Policy CMP0148 is not set: The FindPythonInterp and FindPythonLibs modules
[2.236s]   are removed.  Run "cmake --help-policy CMP0148" for policy details.  Use
[2.236s]   the cmake_policy command to set the policy and suppress this warning.
[2.236s] 
[2.236s] Call Stack (most recent call first):
[2.236s]   /home/alvaro/github.com/turtlesim-follow-path/.pixi/envs/default/share/rosidl_generator_py/cmake/rosidl_generator_py_generate_interfaces.cmake:23 (find_package)
[2.236s]   /home/alvaro/github.com/turtlesim-follow-path/.pixi/envs/default/share/ament_cmake_core/cmake/core/ament_execute_extensions.cmake:48 (include)
[2.236s]   /home/alvaro/github.com/turtlesim-follow-path/.pixi/envs/default/share/rosidl_cmake/cmake/rosidl_generate_interfaces.cmake:286 (ament_execute_extensions)
[2.236s]   CMakeLists.txt:28 (rosidl_generate_interfaces)
[2.236s] This warning is for project developers.  Use -Wno-dev to suppress it.
[2.236s] [0m
[2.238s] -- Found PythonLibs: /home/alvaro/github.com/turtlesim-follow-path/.pixi/envs/default/lib/libpython3.11.so (found suitable version "3.11.8", minimum required is "3.5") 
[2.238s] -- Using PYTHON_EXECUTABLE: /home/alvaro/github.com/turtlesim-follow-path/.pixi/envs/default/bin/python3
[2.238s] -- Using PYTHON_INCLUDE_DIRS: /home/alvaro/github.com/turtlesim-follow-path/.pixi/envs/default/include/python3.11
[2.238s] -- Using PYTHON_LIBRARIES: /home/alvaro/github.com/turtlesim-follow-path/.pixi/envs/default/lib/libpython3.11.so
[2.248s] -- Found PythonExtra: .so  
[2.452s] -- Found Python3: /home/alvaro/github.com/turtlesim-follow-path/.pixi/envs/default/include/python3.11 (found version "3.11.8") found components: Development NumPy Interpreter Development.Module Development.Embed 
[2.512s] -- Found ament_lint_auto: 0.12.10 (/home/alvaro/github.com/turtlesim-follow-path/.pixi/envs/default/share/ament_lint_auto/cmake)
[2.545s] -- Added test 'cppcheck' to perform static code analysis on C / C++ code
[2.546s] -- Configured cppcheck include dirs: $<BUILD_INTERFACE:/home/alvaro/github.com/turtlesim-follow-path/src/follow-path/include>
[2.546s] -- Configured cppcheck exclude dirs and/or files: 
[2.547s] -- Added test 'flake8' to check Python code syntax and style conventions
[2.549s] -- Added test 'lint_cmake' to check CMake code style
[2.551s] -- Added test 'pep257' to check Python code against some of the docstring style conventions in PEP 257
[2.559s] -- Added test 'uncrustify' to check C / C++ code style
[2.559s] -- Configured uncrustify additional arguments: 
[2.560s] -- Added test 'xmllint' to check XML markup files
[2.563s] -- Configuring done (2.6s)
[2.591s] -- Generating done (0.0s)
[2.599s] [33mCMake Warning:
[2.599s]   Manually-specified variables were not used by the project:
[2.599s] 
[2.599s]     Python_EXECUTABLE
[2.599s] 
[2.600s] [0m
[2.600s] -- Build files have been written to: /home/alvaro/github.com/turtlesim-follow-path/build/follow_path
[2.608s] Invoked command in '/home/alvaro/github.com/turtlesim-follow-path/build/follow_path' returned '0': DEBUGINFOD_URLS=https://debuginfod.ubuntu.com PIXI_PROMPT=(turtlesim-follow-path) /home/alvaro/github.com/turtlesim-follow-path/.pixi/envs/default/bin/cmake /home/alvaro/github.com/turtlesim-follow-path/src/follow-path -G Ninja -DPython_EXECUTABLE=/home/alvaro/github.com/turtlesim-follow-path/.pixi/envs/default/bin/python -DPython3_EXECUTABLE=/home/alvaro/github.com/turtlesim-follow-path/.pixi/envs/default/bin/python -DAMENT_CMAKE_SYMLINK_INSTALL=1 -DCMAKE_INSTALL_PREFIX=/home/alvaro/github.com/turtlesim-follow-path/install/follow_path
[2.609s] Invoking command in '/home/alvaro/github.com/turtlesim-follow-path/build/follow_path': DEBUGINFOD_URLS=https://debuginfod.ubuntu.com PIXI_PROMPT=(turtlesim-follow-path) /home/alvaro/github.com/turtlesim-follow-path/.pixi/envs/default/bin/cmake --build /home/alvaro/github.com/turtlesim-follow-path/build/follow_path -- -j20 -l20
[2.617s] 
[2.617s] [0/35] Generating C code for ROS interfaces[K
[2.617s] [0/35] Generating C++ code for ROS interfaces[K
[2.618s] [0/35] Building CXX object CMakeFiles/follow_path_node.dir/src/follow_path_node.cpp.o[K
[2.622s] [0/35] cd /home/alvaro/github.com/turtlesim-follow-path/build/follow_path && /home/alvaro/github.com/turtlesim-follow-path/.pixi/envs/default/bin/cmake -E create_symlink /home/alvaro/github.com/turtlesim-follow-path/build/follow_path/rosidl_generator_py/follow_path /home/alvaro/github.com/turtlesim-follow-path/build/follow_path/ament_cmake_python/follow_path/follow_path[K
[2.622s] [1/35] cd /home/alvaro/github.com/turtlesim-follow-path/build/follow_path && /home/alvaro/github.com/turtlesim-follow-path/.pixi/envs/default/bin/cmake -E create_symlink /home/alvaro/github.com/turtlesim-follow-path/build/follow_path/rosidl_generator_py/follow_path /home/alvaro/github.com/turtlesim-follow-path/build/follow_path/ament_cmake_python/follow_path/follow_path[K
[2.758s] [1/35] cd /home/alvaro/github.com/turtlesim-follow-path/build/follow_path/ament_cmake_python/follow_path && /home/alvaro/github.com/turtlesim-follow-path/.pixi/envs/default/bin/python setup.py egg_info[K
[2.758s] [2/35] Generating C++ code for ROS interfaces[K
[2.758s] [2/35] Generating C++ type support for eProsima Fast-RTPS[K
[2.759s] [2/35] Generating C++ introspection for ROS interfaces[K
[2.759s] [2/35] Generating C++ type support dispatch for ROS interfaces[K
[2.759s] [3/35] Generating C code for ROS interfaces[K
[2.806s] [3/35] Building C object CMakeFiles/follow_path__rosidl_generator_c.dir/rosidl_generator_c/follow_path/srv/detail/go_to__functions.c.o[K
[2.806s] [4/35] cd /home/alvaro/github.com/turtlesim-follow-path/build/follow_path/ament_cmake_python/follow_path && /home/alvaro/github.com/turtlesim-follow-path/.pixi/envs/default/bin/python setup.py egg_info[K
[2.806s] running egg_info
[2.806s] creating follow_path.egg-info
[2.807s] writing follow_path.egg-info/PKG-INFO
[2.807s] writing dependency_links to follow_path.egg-info/dependency_links.txt
[2.807s] writing top-level names to follow_path.egg-info/top_level.txt
[2.807s] writing manifest file 'follow_path.egg-info/SOURCES.txt'
[2.807s] reading manifest file 'follow_path.egg-info/SOURCES.txt'
[2.807s] writing manifest file 'follow_path.egg-info/SOURCES.txt'
[2.807s] 
[2.807s] [5/35] Building CXX object CMakeFiles/follow_path_node.dir/src/follow_path_node.cpp.o[K
[2.807s] [31mFAILED: [0mCMakeFiles/follow_path_node.dir/src/follow_path_node.cpp.o 
[2.807s] /home/alvaro/github.com/turtlesim-follow-path/.pixi/envs/default/bin/x86_64-conda-linux-gnu-c++ -DDEFAULT_RMW_IMPLEMENTATION=rmw_fastrtps_cpp -DROS_PACKAGE_NAME=\"follow_path\" -I/home/alvaro/github.com/turtlesim-follow-path/src/follow-path/include -isystem /home/alvaro/github.com/turtlesim-follow-path/.pixi/envs/default/include/rclcpp -isystem /home/alvaro/github.com/turtlesim-follow-path/.pixi/envs/default/include/std_msgs -isystem /home/alvaro/github.com/turtlesim-follow-path/.pixi/envs/default/include/geometry_msgs -isystem /home/alvaro/github.com/turtlesim-follow-path/.pixi/envs/default/include/ament_index_cpp -isystem /home/alvaro/github.com/turtlesim-follow-path/.pixi/envs/default/include/libstatistics_collector -isystem /home/alvaro/github.com/turtlesim-follow-path/.pixi/envs/default/include/builtin_interfaces -isystem /home/alvaro/github.com/turtlesim-follow-path/.pixi/envs/default/include/rosidl_runtime_c -isystem /home/alvaro/github.com/turtlesim-follow-path/.pixi/envs/default/include/rcutils -isystem /home/alvaro/github.com/turtlesim-follow-path/.pixi/envs/default/include/rosidl_typesupport_interface -isystem /home/alvaro/github.com/turtlesim-follow-path/.pixi/envs/default/include/rosidl_runtime_cpp -isystem /home/alvaro/github.com/turtlesim-follow-path/.pixi/envs/default/include/rosidl_typesupport_fastrtps_cpp -isystem /home/alvaro/github.com/turtlesim-follow-path/.pixi/envs/default/include/rmw -isystem /home/alvaro/github.com/turtlesim-follow-path/.pixi/envs/default/include/rosidl_typesupport_fastrtps_c -isystem /home/alvaro/github.com/turtlesim-follow-path/.pixi/envs/default/include/rosidl_typesupport_introspection_c -isystem /home/alvaro/github.com/turtlesim-follow-path/.pixi/envs/default/include/rosidl_typesupport_introspection_cpp -isystem /home/alvaro/github.com/turtlesim-follow-path/.pixi/envs/default/include/rcl -isystem /home/alvaro/github.com/turtlesim-follow-path/.pixi/envs/default/include/rcl_interfaces -isystem /home/alvaro/github.com/turtlesim-follow-path/.pixi/envs/default/include/rcl_logging_interface -isystem /home/alvaro/github.com/turtlesim-follow-path/.pixi/envs/default/include/rcl_yaml_param_parser -isystem /home/alvaro/github.com/turtlesim-follow-path/.pixi/envs/default/include/tracetools -isystem /home/alvaro/github.com/turtlesim-follow-path/.pixi/envs/default/include/rcpputils -isystem /home/alvaro/github.com/turtlesim-follow-path/.pixi/envs/default/include/statistics_msgs -isystem /home/alvaro/github.com/turtlesim-follow-path/.pixi/envs/default/include/rosgraph_msgs -isystem /home/alvaro/github.com/turtlesim-follow-path/.pixi/envs/default/include/rosidl_typesupport_cpp -isystem /home/alvaro/github.com/turtlesim-follow-path/.pixi/envs/default/include/rosidl_typesupport_c -fvisibility-inlines-hidden -fmessage-length=0 -march=nocona -mtune=haswell -ftree-vectorize -fPIC -fstack-protector-strong -fno-plt -O2 -ffunction-sections -pipe -isystem /home/alvaro/github.com/turtlesim-follow-path/.pixi/envs/default/include -std=gnu++20 -Wall -Wextra -Wpedantic -MD -MT CMakeFiles/follow_path_node.dir/src/follow_path_node.cpp.o -MF CMakeFiles/follow_path_node.dir/src/follow_path_node.cpp.o.d -o CMakeFiles/follow_path_node.dir/src/follow_path_node.cpp.o -c /home/alvaro/github.com/turtlesim-follow-path/src/follow-path/src/follow_path_node.cpp
[2.807s] In file included from /home/alvaro/github.com/turtlesim-follow-path/src/follow-path/src/follow_path_node.cpp:1:
[2.808s] /home/alvaro/github.com/turtlesim-follow-path/src/follow-path/include/follow_path_node.h:4:10: fatal error: follow_path/srv/go_to.h: No such file or directory
[2.808s]     4 | #include "follow_path/srv/go_to.h"
[2.808s]       |          ^~~~~~~~~~~~~~~~~~~~~~~~~
[2.808s] compilation terminated.
[2.855s] 
[2.882s] [6/35] Building C object CMakeFiles/follow_path__rosidl_generator_c.dir/rosidl_generator_c/follow_path/srv/detail/go_to__functions.c.o[K
[2.890s] [7/35] Generating C++ type support dispatch for ROS interfaces[K
[2.897s] [8/35] Generating C++ introspection for ROS interfaces[K
[2.897s] [9/35] Generating C++ type support for eProsima Fast-RTPS[K
[2.897s] ninja: build stopped: subcommand failed.
[2.898s] Invoked command in '/home/alvaro/github.com/turtlesim-follow-path/build/follow_path' returned '1': DEBUGINFOD_URLS=https://debuginfod.ubuntu.com PIXI_PROMPT=(turtlesim-follow-path) /home/alvaro/github.com/turtlesim-follow-path/.pixi/envs/default/bin/cmake --build /home/alvaro/github.com/turtlesim-follow-path/build/follow_path -- -j20 -l20
