
[0/1] Re-running CMake...[K
-- Found ament_cmake: 1.3.7 (/home/alvaro/github.com/turtlesim-follow-path/.pixi/envs/default/share/ament_cmake/cmake)
-- Found Python3: /home/alvaro/github.com/turtlesim-follow-path/.pixi/envs/default/bin/python (found version "3.11.8") found components: Interpreter 
-- Override CMake install command with custom implementation using symlinks instead of copying resources
-- Found rclcpp: 16.0.8 (/home/alvaro/github.com/turtlesim-follow-path/.pixi/envs/default/share/rclcpp/cmake)
-- Found rosidl_generator_c: 3.1.5 (/home/alvaro/github.com/turtlesim-follow-path/.pixi/envs/default/share/rosidl_generator_c/cmake)
-- Found rosidl_adapter: 3.1.5 (/home/alvaro/github.com/turtlesim-follow-path/.pixi/envs/default/share/rosidl_adapter/cmake)
-- Found rosidl_generator_cpp: 3.1.5 (/home/alvaro/github.com/turtlesim-follow-path/.pixi/envs/default/share/rosidl_generator_cpp/cmake)
-- Using all available rosidl_typesupport_c: rosidl_typesupport_fastrtps_c;rosidl_typesupport_introspection_c
-- Using all available rosidl_typesupport_cpp: rosidl_typesupport_fastrtps_cpp;rosidl_typesupport_introspection_cpp
-- Found rmw_implementation_cmake: 6.1.1 (/home/alvaro/github.com/turtlesim-follow-path/.pixi/envs/default/share/rmw_implementation_cmake/cmake)
-- Found rmw_fastrtps_cpp: 6.2.6 (/home/alvaro/github.com/turtlesim-follow-path/.pixi/envs/default/share/rmw_fastrtps_cpp/cmake)
-- Using RMW implementation 'rmw_fastrtps_cpp' as default
-- Found std_msgs: 4.2.3 (/home/alvaro/github.com/turtlesim-follow-path/.pixi/envs/default/share/std_msgs/cmake)
-- Found geometry_msgs: 4.2.3 (/home/alvaro/github.com/turtlesim-follow-path/.pixi/envs/default/share/geometry_msgs/cmake)
-- Found rosidl_default_generators: 1.2.0 (/home/alvaro/github.com/turtlesim-follow-path/.pixi/envs/default/share/rosidl_default_generators/cmake)
-- Found Python3: /home/alvaro/github.com/turtlesim-follow-path/.pixi/envs/default/include/python3.11 (found version "3.11.8") found components: Development NumPy Interpreter Development.Module Development.Embed 
-- Found Python3: /home/alvaro/github.com/turtlesim-follow-path/.pixi/envs/default/bin/python (found version "3.11.8") found components: Interpreter 
-- Found ament_cmake_ros: 0.10.0 (/home/alvaro/github.com/turtlesim-follow-path/.pixi/envs/default/share/ament_cmake_ros/cmake)
-- Using all available rosidl_typesupport_c: rosidl_typesupport_fastrtps_c;rosidl_typesupport_introspection_c
-- Using all available rosidl_typesupport_cpp: rosidl_typesupport_fastrtps_cpp;rosidl_typesupport_introspection_cpp
[33mCMake Warning (dev) at /home/alvaro/github.com/turtlesim-follow-path/.pixi/envs/default/share/rosidl_generator_py/cmake/rosidl_generator_py_generate_interfaces.cmake:20 (find_package):
  Policy CMP0148 is not set: The FindPythonInterp and FindPythonLibs modules
  are removed.  Run "cmake --help-policy CMP0148" for policy details.  Use
  the cmake_policy command to set the policy and suppress this warning.

Call Stack (most recent call first):
  /home/alvaro/github.com/turtlesim-follow-path/.pixi/envs/default/share/ament_cmake_core/cmake/core/ament_execute_extensions.cmake:48 (include)
  /home/alvaro/github.com/turtlesim-follow-path/.pixi/envs/default/share/rosidl_cmake/cmake/rosidl_generate_interfaces.cmake:286 (ament_execute_extensions)
  CMakeLists.txt:28 (rosidl_generate_interfaces)
This warning is for project developers.  Use -Wno-dev to suppress it.
[0m
-- Found python_cmake_module: 0.10.0 (/home/alvaro/github.com/turtlesim-follow-path/.pixi/envs/default/share/python_cmake_module/cmake)
[33mCMake Warning (dev) at /home/alvaro/github.com/turtlesim-follow-path/.pixi/envs/default/share/python_cmake_module/cmake/Modules/FindPythonExtra.cmake:52 (find_package):
  Policy CMP0148 is not set: The FindPythonInterp and FindPythonLibs modules
  are removed.  Run "cmake --help-policy CMP0148" for policy details.  Use
  the cmake_policy command to set the policy and suppress this warning.

Call Stack (most recent call first):
  /home/alvaro/github.com/turtlesim-follow-path/.pixi/envs/default/share/rosidl_generator_py/cmake/rosidl_generator_py_generate_interfaces.cmake:23 (find_package)
  /home/alvaro/github.com/turtlesim-follow-path/.pixi/envs/default/share/ament_cmake_core/cmake/core/ament_execute_extensions.cmake:48 (include)
  /home/alvaro/github.com/turtlesim-follow-path/.pixi/envs/default/share/rosidl_cmake/cmake/rosidl_generate_interfaces.cmake:286 (ament_execute_extensions)
  CMakeLists.txt:28 (rosidl_generate_interfaces)
This warning is for project developers.  Use -Wno-dev to suppress it.
[0m
[33mCMake Warning (dev) at /home/alvaro/github.com/turtlesim-follow-path/.pixi/envs/default/share/python_cmake_module/cmake/Modules/FindPythonExtra.cmake:140 (find_package):
  Policy CMP0148 is not set: The FindPythonInterp and FindPythonLibs modules
  are removed.  Run "cmake --help-policy CMP0148" for policy details.  Use
  the cmake_policy command to set the policy and suppress this warning.

Call Stack (most recent call first):
  /home/alvaro/github.com/turtlesim-follow-path/.pixi/envs/default/share/rosidl_generator_py/cmake/rosidl_generator_py_generate_interfaces.cmake:23 (find_package)
  /home/alvaro/github.com/turtlesim-follow-path/.pixi/envs/default/share/ament_cmake_core/cmake/core/ament_execute_extensions.cmake:48 (include)
  /home/alvaro/github.com/turtlesim-follow-path/.pixi/envs/default/share/rosidl_cmake/cmake/rosidl_generate_interfaces.cmake:286 (ament_execute_extensions)
  CMakeLists.txt:28 (rosidl_generate_interfaces)
This warning is for project developers.  Use -Wno-dev to suppress it.
[0m
-- Using PYTHON_EXECUTABLE: /home/alvaro/github.com/turtlesim-follow-path/.pixi/envs/default/bin/python3
-- Using PYTHON_INCLUDE_DIRS: /home/alvaro/github.com/turtlesim-follow-path/.pixi/envs/default/include/python3.11
-- Using PYTHON_LIBRARIES: /home/alvaro/github.com/turtlesim-follow-path/.pixi/envs/default/lib/libpython3.11.so
-- Found Python3: /home/alvaro/github.com/turtlesim-follow-path/.pixi/envs/default/include/python3.11 (found version "3.11.8") found components: Development NumPy Interpreter Development.Module Development.Embed 
-- Found ament_lint_auto: 0.12.10 (/home/alvaro/github.com/turtlesim-follow-path/.pixi/envs/default/share/ament_lint_auto/cmake)
-- Added test 'cppcheck' to perform static code analysis on C / C++ code
-- Configured cppcheck include dirs: $<BUILD_INTERFACE:/home/alvaro/github.com/turtlesim-follow-path/src/follow-path/include>
-- Configured cppcheck exclude dirs and/or files: 
-- Added test 'lint_cmake' to check CMake code style
-- Added test 'uncrustify' to check C / C++ code style
-- Configured uncrustify additional arguments: 
-- Added test 'xmllint' to check XML markup files
-- Configuring done (1.8s)
-- Generating done (0.0s)
-- Build files have been written to: /home/alvaro/github.com/turtlesim-follow-path/build/follow_path

[0/5] Building CXX object CMakeFiles/follow_path_node.dir/src/follow_path_node.cpp.o[K
[0/5] cd /home/alvaro/github.com/turtlesim-follow-path/build/follow_path && /home/alvaro/github.com/turtlesim-follow-path/.pixi/envs/default/bin/cmake -E create_symlink /home/alvaro/github.com/turtlesim-follow-path/build/follow_path/rosidl_generator_py/follow_path /home/alvaro/github.com/turtlesim-follow-path/build/follow_path/ament_cmake_python/follow_path/follow_path[K
[1/5] cd /home/alvaro/github.com/turtlesim-follow-path/build/follow_path && /home/alvaro/github.com/turtlesim-follow-path/.pixi/envs/default/bin/cmake -E create_symlink /home/alvaro/github.com/turtlesim-follow-path/build/follow_path/rosidl_generator_py/follow_path /home/alvaro/github.com/turtlesim-follow-path/build/follow_path/ament_cmake_python/follow_path/follow_path[K
[1/5] cd /home/alvaro/github.com/turtlesim-follow-path/build/follow_path/ament_cmake_python/follow_path && /home/alvaro/github.com/turtlesim-follow-path/.pixi/envs/default/bin/python setup.py egg_info[K
[2/5] cd /home/alvaro/github.com/turtlesim-follow-path/build/follow_path/ament_cmake_python/follow_path && /home/alvaro/github.com/turtlesim-follow-path/.pixi/envs/default/bin/python setup.py egg_info[K
running egg_info
writing follow_path.egg-info/PKG-INFO
writing dependency_links to follow_path.egg-info/dependency_links.txt
writing top-level names to follow_path.egg-info/top_level.txt
reading manifest file 'follow_path.egg-info/SOURCES.txt'
writing manifest file 'follow_path.egg-info/SOURCES.txt'

[3/5] Building CXX object CMakeFiles/follow_path_node.dir/src/follow_path_node.cpp.o[K
[31mFAILED: [0mCMakeFiles/follow_path_node.dir/src/follow_path_node.cpp.o 
/home/alvaro/github.com/turtlesim-follow-path/.pixi/envs/default/bin/x86_64-conda-linux-gnu-c++ -DDEFAULT_RMW_IMPLEMENTATION=rmw_fastrtps_cpp -DROS_PACKAGE_NAME=\"follow_path\" -I/home/alvaro/github.com/turtlesim-follow-path/src/follow-path/include -isystem /home/alvaro/github.com/turtlesim-follow-path/.pixi/envs/default/include/rclcpp -isystem /home/alvaro/github.com/turtlesim-follow-path/.pixi/envs/default/include/std_msgs -isystem /home/alvaro/github.com/turtlesim-follow-path/.pixi/envs/default/include/geometry_msgs -isystem /home/alvaro/github.com/turtlesim-follow-path/.pixi/envs/default/include/ament_index_cpp -isystem /home/alvaro/github.com/turtlesim-follow-path/.pixi/envs/default/include/libstatistics_collector -isystem /home/alvaro/github.com/turtlesim-follow-path/.pixi/envs/default/include/builtin_interfaces -isystem /home/alvaro/github.com/turtlesim-follow-path/.pixi/envs/default/include/rosidl_runtime_c -isystem /home/alvaro/github.com/turtlesim-follow-path/.pixi/envs/default/include/rcutils -isystem /home/alvaro/github.com/turtlesim-follow-path/.pixi/envs/default/include/rosidl_typesupport_interface -isystem /home/alvaro/github.com/turtlesim-follow-path/.pixi/envs/default/include/rosidl_runtime_cpp -isystem /home/alvaro/github.com/turtlesim-follow-path/.pixi/envs/default/include/rosidl_typesupport_fastrtps_cpp -isystem /home/alvaro/github.com/turtlesim-follow-path/.pixi/envs/default/include/rmw -isystem /home/alvaro/github.com/turtlesim-follow-path/.pixi/envs/default/include/rosidl_typesupport_fastrtps_c -isystem /home/alvaro/github.com/turtlesim-follow-path/.pixi/envs/default/include/rosidl_typesupport_introspection_c -isystem /home/alvaro/github.com/turtlesim-follow-path/.pixi/envs/default/include/rosidl_typesupport_introspection_cpp -isystem /home/alvaro/github.com/turtlesim-follow-path/.pixi/envs/default/include/rcl -isystem /home/alvaro/github.com/turtlesim-follow-path/.pixi/envs/default/include/rcl_interfaces -isystem /home/alvaro/github.com/turtlesim-follow-path/.pixi/envs/default/include/rcl_logging_interface -isystem /home/alvaro/github.com/turtlesim-follow-path/.pixi/envs/default/include/rcl_yaml_param_parser -isystem /home/alvaro/github.com/turtlesim-follow-path/.pixi/envs/default/include/tracetools -isystem /home/alvaro/github.com/turtlesim-follow-path/.pixi/envs/default/include/rcpputils -isystem /home/alvaro/github.com/turtlesim-follow-path/.pixi/envs/default/include/statistics_msgs -isystem /home/alvaro/github.com/turtlesim-follow-path/.pixi/envs/default/include/rosgraph_msgs -isystem /home/alvaro/github.com/turtlesim-follow-path/.pixi/envs/default/include/rosidl_typesupport_cpp -isystem /home/alvaro/github.com/turtlesim-follow-path/.pixi/envs/default/include/rosidl_typesupport_c -fvisibility-inlines-hidden -fmessage-length=0 -march=nocona -mtune=haswell -ftree-vectorize -fPIC -fstack-protector-strong -fno-plt -O2 -ffunction-sections -pipe -isystem /home/alvaro/github.com/turtlesim-follow-path/.pixi/envs/default/include -std=gnu++20 -Wall -Wextra -Wpedantic -MD -MT CMakeFiles/follow_path_node.dir/src/follow_path_node.cpp.o -MF CMakeFiles/follow_path_node.dir/src/follow_path_node.cpp.o.d -o CMakeFiles/follow_path_node.dir/src/follow_path_node.cpp.o -c /home/alvaro/github.com/turtlesim-follow-path/src/follow-path/src/follow_path_node.cpp
In file included from /home/alvaro/github.com/turtlesim-follow-path/src/follow-path/src/follow_path_node.cpp:1:
/home/alvaro/github.com/turtlesim-follow-path/src/follow-path/include/follow_path_node.h:4:10: fatal error: follow_path::srv::go_to.hpp: No such file or directory
    4 | #include "follow_path::srv::go_to.hpp"
      |          ^~~~~~~~~~~~~~~~~~~~~~~~~~~~~
compilation terminated.
ninja: build stopped: subcommand failed.
